<?xml version="1.0" encoding="UTF-8"?>
<testng-results skipped="0" failed="0" ignored="0" total="0" passed="0">
  <reporter-output>
  </reporter-output>
  <suite name="com.durgasoft.ecommerce.AppTest" duration-ms="28" started-at="2022-04-08T10:15:07 IST" finished-at="2022-04-08T10:15:07 IST">
    <groups>
    </groups>
    <test name="Command line test" duration-ms="28" started-at="2022-04-08T10:15:07 IST" finished-at="2022-04-08T10:15:07 IST">
    </test> <!-- Command line test -->
  </suite> <!-- com.durgasoft.ecommerce.AppTest -->
</testng-results>
